  ProyectoFinal.cpp
C:\Users\marco\Desktop\9no semestre\Lab. Compu Gráfica\ProyectoFinal\ProyectoFinal\ProyectoFinal.cpp(297,82): warning C4244: 'argumento': conversión de 'float' a 'GLint'; posible pérdida de datos
C:\Users\marco\Desktop\9no semestre\Lab. Compu Gráfica\ProyectoFinal\ProyectoFinal\ProyectoFinal.cpp(422,24): warning C4244: 'inicializando': conversión de 'double' a 'GLfloat'; posible pérdida de datos
C:\Users\marco\Desktop\9no semestre\Lab. Compu Gráfica\ProyectoFinal\ProyectoFinal\ProyectoFinal.cpp(869,11): warning C4244: '=': conversión de 'double' a 'GLfloat'; posible pérdida de datos
C:\Users\marco\Desktop\9no semestre\Lab. Compu Gráfica\ProyectoFinal\ProyectoFinal\ProyectoFinal.cpp(870,11): warning C4244: '=': conversión de 'double' a 'GLfloat'; posible pérdida de datos
C:\Users\marco\Desktop\9no semestre\Lab. Compu Gráfica\ProyectoFinal\ProyectoFinal\ProyectoFinal.cpp(874,18): warning C4244: 'inicializando': conversión de 'double' a 'GLfloat'; posible pérdida de datos
C:\Users\marco\Desktop\9no semestre\Lab. Compu Gráfica\ProyectoFinal\ProyectoFinal\ProyectoFinal.cpp(875,18): warning C4244: 'inicializando': conversión de 'double' a 'GLfloat'; posible pérdida de datos
C:\Users\marco\Desktop\9no semestre\Lab. Compu Gráfica\ProyectoFinal\ProyectoFinal\ProyectoFinal.cpp(877,10): warning C4244: '=': conversión de 'double' a 'GLfloat'; posible pérdida de datos
C:\Users\marco\Desktop\9no semestre\Lab. Compu Gráfica\ProyectoFinal\ProyectoFinal\ProyectoFinal.cpp(878,10): warning C4244: '=': conversión de 'double' a 'GLfloat'; posible pérdida de datos
soil2-debug.lib(SOIL2.obj) : warning LNK4075: se omite '/EDITANDCONTINUE' debido a la especificación '/OPT:ICF'
LINK : warning LNK4098: la biblioteca predeterminada'MSVCRTD' entra en conflicto con otras bibliotecas; use la biblioteca /NODEFAULTLIB:biblioteca
  Generando código
  1 of 661 functions ( 0.2%) were compiled, the rest were copied from previous compilation.
    0 functions were new in current compilation
    0 functions had inline decision re-evaluated but remain unchanged
  Generación de código finalizada
soil2-debug.lib(etc1_utils.obj) : warning LNK4099: no se encontró PDB '' con 'soil2-debug.lib(etc1_utils.obj)' o en ''; se vinculará el objeto sin tener en cuenta información de depuración
soil2-debug.lib(image_DXT.obj) : warning LNK4099: no se encontró PDB 'soil2-debug.pdb' con 'soil2-debug.lib(image_DXT.obj)' o en 'C:\Users\marco\Desktop\9no semestre\Lab. Compu Gráfica\ProyectoFinal\Release\soil2-debug.pdb'; se vinculará el objeto sin tener en cuenta información de depuración
soil2-debug.lib(image_helper.obj) : warning LNK4099: no se encontró PDB 'soil2-debug.pdb' con 'soil2-debug.lib(image_helper.obj)' o en 'C:\Users\marco\Desktop\9no semestre\Lab. Compu Gráfica\ProyectoFinal\Release\soil2-debug.pdb'; se vinculará el objeto sin tener en cuenta información de depuración
soil2-debug.lib(SOIL2.obj) : warning LNK4099: no se encontró PDB 'soil2-debug.pdb' con 'soil2-debug.lib(SOIL2.obj)' o en 'C:\Users\marco\Desktop\9no semestre\Lab. Compu Gráfica\ProyectoFinal\Release\soil2-debug.pdb'; se vinculará el objeto sin tener en cuenta información de depuración
  ProyectoFinal.vcxproj -> C:\Users\marco\Desktop\9no semestre\Lab. Compu Gráfica\ProyectoFinal\Release\ProyectoFinal.exe
